D:\C++Курсы\MY_PROJECT\C++API\SCELETON_PYATNASHKI_3\DEBUG\SCELETON_DIALOG.EXE
D:\C++Курсы\MY_PROJECT\C++API\SCELETON_PYATNASHKI_3\DEBUG\SCELETON_DIALOG.ILK
D:\C++КУРСЫ\MY_PROJECT\C++API\SCELETON_PYATNASHKI_3\DEBUG\SCELETON_DIALOG.PDB
D:\C++Курсы\My_Project\C++API\Sceleton_Pyatnashki_3\Sceleton_DIALOG\Debug\cl.command.1.tlog
D:\C++Курсы\My_Project\C++API\Sceleton_Pyatnashki_3\Sceleton_DIALOG\Debug\CL.read.1.tlog
D:\C++Курсы\My_Project\C++API\Sceleton_Pyatnashki_3\Sceleton_DIALOG\Debug\CL.write.1.tlog
D:\C++Курсы\My_Project\C++API\Sceleton_Pyatnashki_3\Sceleton_DIALOG\Debug\link.command.1.tlog
D:\C++Курсы\My_Project\C++API\Sceleton_Pyatnashki_3\Sceleton_DIALOG\Debug\link.read.1.tlog
D:\C++Курсы\My_Project\C++API\Sceleton_Pyatnashki_3\Sceleton_DIALOG\Debug\link.write.1.tlog
D:\C++Курсы\My_Project\C++API\Sceleton_Pyatnashki_3\Sceleton_DIALOG\Debug\link-cvtres.read.1.tlog
D:\C++Курсы\My_Project\C++API\Sceleton_Pyatnashki_3\Sceleton_DIALOG\Debug\link-cvtres.write.1.tlog
D:\C++Курсы\My_Project\C++API\Sceleton_Pyatnashki_3\Sceleton_DIALOG\Debug\mt.command.1.tlog
D:\C++Курсы\My_Project\C++API\Sceleton_Pyatnashki_3\Sceleton_DIALOG\Debug\mt.read.1.tlog
D:\C++Курсы\My_Project\C++API\Sceleton_Pyatnashki_3\Sceleton_DIALOG\Debug\mt.write.1.tlog
D:\C++Курсы\My_Project\C++API\Sceleton_Pyatnashki_3\Sceleton_DIALOG\Debug\rc.command.1.tlog
D:\C++Курсы\My_Project\C++API\Sceleton_Pyatnashki_3\Sceleton_DIALOG\Debug\rc.read.1.tlog
D:\C++Курсы\My_Project\C++API\Sceleton_Pyatnashki_3\Sceleton_DIALOG\Debug\rc.write.1.tlog
D:\C++Курсы\MY_PROJECT\C++API\SCELETON_PYATNASHKI_3\SCELETON_DIALOG\DEBUG\SCELETON_DIALOG.EXE.EMBED.MANIFEST
D:\C++Курсы\MY_PROJECT\C++API\SCELETON_PYATNASHKI_3\SCELETON_DIALOG\DEBUG\SCELETON_DIALOG.EXE.EMBED.MANIFEST.RES
D:\C++Курсы\MY_PROJECT\C++API\SCELETON_PYATNASHKI_3\SCELETON_DIALOG\DEBUG\SCELETON_DIALOG.EXE.INTERMEDIATE.MANIFEST
D:\C++Курсы\MY_PROJECT\C++API\SCELETON_PYATNASHKI_3\SCELETON_DIALOG\DEBUG\SCELETON_DIALOG.OBJ
D:\C++Курсы\MY_PROJECT\C++API\SCELETON_PYATNASHKI_3\SCELETON_DIALOG\DEBUG\SCELETON_DIALOG.PCH
D:\C++Курсы\MY_PROJECT\C++API\SCELETON_PYATNASHKI_3\SCELETON_DIALOG\DEBUG\SCELETON_DIALOG.RES
D:\C++Курсы\My_Project\C++API\Sceleton_Pyatnashki_3\Sceleton_DIALOG\Debug\Sceleton_DIALOG_manifest.rc
D:\C++Курсы\MY_PROJECT\C++API\SCELETON_PYATNASHKI_3\SCELETON_DIALOG\DEBUG\STDAFX.OBJ
D:\C++Курсы\My_Project\C++API\Sceleton_Pyatnashki_3\Sceleton_DIALOG\Debug\vc100.idb
D:\C++КУРСЫ\MY_PROJECT\C++API\SCELETON_PYATNASHKI_3\SCELETON_DIALOG\DEBUG\VC100.PDB
